<?xml version="1.0" encoding="UTF-8"?><testrun name="newnote" project="ru.st.bossnote" tests="1" started="1" failures="0" errors="1" ignored="0">
  <testsuite name="newnote" time="33.425">
    <testcase name="testNewnote" classname="newnote" time="33.425">
      <error>org.openqa.selenium.WebDriverException: a is undefined
Command duration or timeout: 30.07 seconds
Build info: version: '2.42.2', revision: '6a6995d', time: '2014-06-03 17:42:30'
System info: host: '151.1.168.192.in-addr.arpa', ip: '192.168.1.144', os.name: 'Mac OS X', os.arch: 'x86_64', os.version: '10.9.4', java.version: '1.6.0_65'
Session ID: 595e25d0-bb56-2f44-8935-eb19ffb3d33e
Driver info: org.openqa.selenium.firefox.FirefoxDriver
Capabilities [{platform=MAC, acceptSslCerts=true, javascriptEnabled=true, browserName=firefox, rotatable=false, locationContextEnabled=true, version=30.0, cssSelectorsEnabled=true, databaseEnabled=true, handlesAlerts=true, browserConnectionEnabled=true, nativeEvents=false, webStorageEnabled=true, applicationCacheEnabled=true, takesScreenshot=true}]
	at sun.reflect.NativeConstructorAccessorImpl.newInstance0(Native Method)
	at sun.reflect.NativeConstructorAccessorImpl.newInstance(NativeConstructorAccessorImpl.java:39)
	at sun.reflect.DelegatingConstructorAccessorImpl.newInstance(DelegatingConstructorAccessorImpl.java:27)
	at java.lang.reflect.Constructor.newInstance(Constructor.java:513)
	at org.openqa.selenium.remote.ErrorHandler.createThrowable(ErrorHandler.java:204)
	at org.openqa.selenium.remote.ErrorHandler.throwIfResponseFailed(ErrorHandler.java:156)
	at org.openqa.selenium.remote.RemoteWebDriver.execute(RemoteWebDriver.java:599)
	at org.openqa.selenium.remote.RemoteWebElement.execute(RemoteWebElement.java:268)
	at org.openqa.selenium.remote.RemoteWebElement.click(RemoteWebElement.java:79)
	at newnote.testNewnote(newnote.java:27)
	at sun.reflect.NativeMethodAccessorImpl.invoke0(Native Method)
	at sun.reflect.NativeMethodAccessorImpl.invoke(NativeMethodAccessorImpl.java:39)
	at sun.reflect.DelegatingMethodAccessorImpl.invoke(DelegatingMethodAccessorImpl.java:25)
	at java.lang.reflect.Method.invoke(Method.java:597)
	at org.junit.runners.model.FrameworkMethod$1.runReflectiveCall(FrameworkMethod.java:47)
	at org.junit.internal.runners.model.ReflectiveCallable.run(ReflectiveCallable.java:12)
	at org.junit.runners.model.FrameworkMethod.invokeExplosively(FrameworkMethod.java:44)
	at org.junit.internal.runners.statements.InvokeMethod.evaluate(InvokeMethod.java:17)
	at org.junit.internal.runners.statements.RunBefores.evaluate(RunBefores.java:26)
	at org.junit.internal.runners.statements.RunAfters.evaluate(RunAfters.java:27)
	at org.junit.runners.ParentRunner.runLeaf(ParentRunner.java:271)
	at org.junit.runners.BlockJUnit4ClassRunner.runChild(BlockJUnit4ClassRunner.java:70)
	at org.junit.runners.BlockJUnit4ClassRunner.runChild(BlockJUnit4ClassRunner.java:50)
	at org.junit.runners.ParentRunner$3.run(ParentRunner.java:238)
	at org.junit.runners.ParentRunner$1.schedule(ParentRunner.java:63)
	at org.junit.runners.ParentRunner.runChildren(ParentRunner.java:236)
	at org.junit.runners.ParentRunner.access$000(ParentRunner.java:53)
	at org.junit.runners.ParentRunner$2.evaluate(ParentRunner.java:229)
	at org.junit.runners.ParentRunner.run(ParentRunner.java:309)
	at org.eclipse.jdt.internal.junit4.runner.JUnit4TestReference.run(JUnit4TestReference.java:50)
	at org.eclipse.jdt.internal.junit.runner.TestExecution.run(TestExecution.java:38)
	at org.eclipse.jdt.internal.junit.runner.RemoteTestRunner.runTests(RemoteTestRunner.java:467)
	at org.eclipse.jdt.internal.junit.runner.RemoteTestRunner.runTests(RemoteTestRunner.java:683)
	at org.eclipse.jdt.internal.junit.runner.RemoteTestRunner.run(RemoteTestRunner.java:390)
	at org.eclipse.jdt.internal.junit.runner.RemoteTestRunner.main(RemoteTestRunner.java:197)
Caused by: org.openqa.selenium.remote.ErrorHandler$UnknownServerException: a is undefined
Build info: version: '2.42.2', revision: '6a6995d', time: '2014-06-03 17:42:30'
System info: host: '151.1.168.192.in-addr.arpa', ip: '192.168.1.144', os.name: 'Mac OS X', os.arch: 'x86_64', os.version: '10.9.4', java.version: '1.6.0_65'
Driver info: driver.version: unknown
	at &lt;anonymous class&gt;.wdSession.prototype.setWindow(file:///var/folders/64/rz6xsxc54835wmdntc5cc9b80000gq/T/anonymous8076302446721870081webdriver-profile/extensions/fxdriver@googlecode.com/components/session.js:3907:3)
	at &lt;anonymous class&gt;.wdSession.prototype.getWindow(file:///var/folders/64/rz6xsxc54835wmdntc5cc9b80000gq/T/anonymous8076302446721870081webdriver-profile/extensions/fxdriver@googlecode.com/components/session.js:3887:3)
	at &lt;anonymous class&gt;.wdSession.prototype.getDocument(file:///var/folders/64/rz6xsxc54835wmdntc5cc9b80000gq/T/anonymous8076302446721870081webdriver-profile/extensions/fxdriver@googlecode.com/components/session.js:3894:3)
	at &lt;anonymous class&gt;.DelayedCommand.prototype.checkPreconditions_(file:///var/folders/64/rz6xsxc54835wmdntc5cc9b80000gq/T/anonymous8076302446721870081webdriver-profile/extensions/fxdriver@googlecode.com/components/command_processor.js:11438:1)
	at &lt;anonymous class&gt;.DelayedCommand.prototype.executeInternal_/h(file:///var/folders/64/rz6xsxc54835wmdntc5cc9b80000gq/T/anonymous8076302446721870081webdriver-profile/extensions/fxdriver@googlecode.com/components/command_processor.js:11455:11)
	at &lt;anonymous class&gt;.fxdriver.Timer.prototype.setTimeout/&lt;.notify(file:///var/folders/64/rz6xsxc54835wmdntc5cc9b80000gq/T/anonymous8076302446721870081webdriver-profile/extensions/fxdriver@googlecode.com/components/command_processor.js:407:5)

</error>
    </testcase>
  </testsuite>
</testrun>
